<?xml version="1.0" encoding="UTF-8"?>
<!-- Generated by org.testng.reporters.JUnitXMLReporter -->
<testsuite hostname="jb-5f-d079" name="Swipe_To_Refresh" tests="1" failures="0" timestamp="4 Jan 2016 13:15:06 GMT" time="28.66" errors="0">
  <testcase name="@BeforeTest beforeTest" time="0.0" classname="scripts.com.vapprove.Swipe_To_Refresh">
    <failure type="java.lang.AssertionError" message="command:FrameworkAPI Object Initialization ||description:Thrown an error : org.openqa.selenium.SessionNotCreatedException: A new session could not be created. (Original error: Could not find a connected Android device.) (WARNING: The server did not provide any stacktrace information)
Command duration or timeout: 28.66 seconds
Build info: version: &amp;apos;2.45.0&amp;apos;, revision: &amp;apos;32a636c&amp;apos;, time: &amp;apos;2015-03-05 22:01:35&amp;apos;
System info: host: &amp;apos;jb-5f-d079&amp;apos;, ip: &amp;apos;10.11.20.156&amp;apos;, os.name: &amp;apos;Windows 8&amp;apos;, os.arch: &amp;apos;amd64&amp;apos;, os.version: &amp;apos;6.2&amp;apos;, java.version: &amp;apos;1.8.0_60&amp;apos;
Driver info: io.appium.java_client.android.AndroidDriver||Fail">
      <![CDATA[java.lang.AssertionError: command:FrameworkAPI Object Initialization ||description:Thrown an error : org.openqa.selenium.SessionNotCreatedException: A new session could not be created. (Original error: Could not find a connected Android device.) (WARNING: The server did not provide any stacktrace information)
Command duration or timeout: 28.66 seconds
Build info: version: '2.45.0', revision: '32a636c', time: '2015-03-05 22:01:35'
System info: host: 'jb-5f-d079', ip: '10.11.20.156', os.name: 'Windows 8', os.arch: 'amd64', os.version: '6.2', java.version: '1.8.0_60'
Driver info: io.appium.java_client.android.AndroidDriver||Fail
	at com.thoughtworks.selenium.SeleneseTestBase.fail(SeleneseTestBase.java:393)
	at scripts.com.framework.FrameworkAPI.reportStepDtlsWithScreenshot(FrameworkAPI.java:384)
	at scripts.com.framework.FrameworkAPI.<init>(FrameworkAPI.java:229)
	at scripts.com.framework.MobileAppDriver.<init>(MobileAppDriver.java:44)
	at scripts.com.framework.MobileEngine.setUp(MobileEngine.java:38)
	at scripts.com.concur.Login.setTestEnvironment(Login.java:56)
	at scripts.com.vapprove.Swipe_To_Refresh.beforeTest(Swipe_To_Refresh.java:18)
... Removed 22 stack frames]]>
    </failure>
  </testcase> <!-- @BeforeTest beforeTest -->
  <testcase name="@AfterClass oneTearDown" time="0.0" classname="scripts.com.vapprove.Swipe_To_Refresh">
    <skipped/>
  </testcase> <!-- @AfterClass oneTearDown -->
  <testcase name="Swipetest" time="0.0" classname="scripts.com.vapprove.Swipe_To_Refresh">
    <skipped/>
  </testcase> <!-- Swipetest -->
</testsuite> <!-- Swipe_To_Refresh -->
