<?xml version="1.0" encoding="UTF-8"?>
<testng-results skipped="0" failed="1" total="1" passed="0">
  <reporter-output>
  </reporter-output>
  <suite name="Default suite" duration-ms="125710" started-at="2016-01-29T12:25:54Z" finished-at="2016-01-29T12:28:00Z">
    <groups>
    </groups>
    <test name="Default test" duration-ms="125710" started-at="2016-01-29T12:25:54Z" finished-at="2016-01-29T12:28:00Z">
      <class name="scripts.com.vapprove.Expenses">
        <test-method status="PASS" signature="setTestEnvironment(java.lang.String)[pri:0, instance:scripts.com.vapprove.Expenses@2aafb23c]" name="setTestEnvironment" is-config="true" duration-ms="33348" started-at="2016-01-29T17:55:54Z" finished-at="2016-01-29T17:56:28Z">
          <params>
            <param index="0">
              <value>
                <![CDATA[local]]>
              </value>
            </param>
          </params>
          <reporter-output>
          </reporter-output>
        </test-method> <!-- setTestEnvironment -->
        <test-method status="FAIL" signature="expensetest()[pri:0, instance:scripts.com.vapprove.Expenses@2aafb23c]" name="expensetest" duration-ms="90082" started-at="2016-01-29T17:56:28Z" finished-at="2016-01-29T17:57:58Z">
          <exception class="java.lang.AssertionError">
            <message>
              <![CDATA[command:The element of a command "click" not found||description:The element of a command "click" not found at step : 3 : on the displayed page||Fail]]>
            </message>
            <full-stacktrace>
              <![CDATA[java.lang.AssertionError: command:The element of a command "click" not found||description:The element of a command "click" not found at step : 3 : on the displayed page||Fail
	at com.thoughtworks.selenium.SeleneseTestBase.fail(SeleneseTestBase.java:393)
	at scripts.com.framework.FrameworkAPI.reportStepDtlsWithScreenshot(FrameworkAPI.java:384)
	at scripts.com.framework.FrameworkAPI.reportElementNotFound(FrameworkAPI.java:2001)
	at scripts.com.framework.FrameworkAPI.perform(FrameworkAPI.java:1485)
	at scripts.com.vapprove.Expenses.expensetest(Expenses.java:76)
	at sun.reflect.NativeMethodAccessorImpl.invoke0(Native Method)
	at sun.reflect.NativeMethodAccessorImpl.invoke(NativeMethodAccessorImpl.java:62)
	at sun.reflect.DelegatingMethodAccessorImpl.invoke(DelegatingMethodAccessorImpl.java:43)
	at java.lang.reflect.Method.invoke(Method.java:497)
	at org.testng.internal.MethodInvocationHelper.invokeMethod(MethodInvocationHelper.java:84)
	at org.testng.internal.Invoker.invokeMethod(Invoker.java:714)
	at org.testng.internal.Invoker.invokeTestMethod(Invoker.java:901)
	at org.testng.internal.Invoker.invokeTestMethods(Invoker.java:1231)
	at org.testng.internal.TestMethodWorker.invokeTestMethods(TestMethodWorker.java:127)
	at org.testng.internal.TestMethodWorker.run(TestMethodWorker.java:111)
	at org.testng.TestRunner.privateRun(TestRunner.java:767)
	at org.testng.TestRunner.run(TestRunner.java:617)
	at org.testng.SuiteRunner.runTest(SuiteRunner.java:334)
	at org.testng.SuiteRunner.runSequentially(SuiteRunner.java:329)
	at org.testng.SuiteRunner.privateRun(SuiteRunner.java:291)
	at org.testng.SuiteRunner.run(SuiteRunner.java:240)
	at org.testng.SuiteRunnerWorker.runSuite(SuiteRunnerWorker.java:52)
	at org.testng.SuiteRunnerWorker.run(SuiteRunnerWorker.java:86)
	at org.testng.TestNG.runSuitesSequentially(TestNG.java:1224)
	at org.testng.TestNG.runSuitesLocally(TestNG.java:1149)
	at org.testng.TestNG.run(TestNG.java:1057)
	at org.testng.remote.RemoteTestNG.run(RemoteTestNG.java:111)
	at org.testng.remote.RemoteTestNG.initAndRun(RemoteTestNG.java:204)
	at org.testng.remote.RemoteTestNG.main(RemoteTestNG.java:175)
]]>
            </full-stacktrace>
          </exception> <!-- java.lang.AssertionError -->
          <reporter-output>
          </reporter-output>
        </test-method> <!-- expensetest -->
        <test-method status="PASS" signature="oneTearDown()[pri:0, instance:scripts.com.vapprove.Expenses@2aafb23c]" name="oneTearDown" is-config="true" duration-ms="2244" started-at="2016-01-29T17:57:58Z" finished-at="2016-01-29T17:58:00Z">
          <reporter-output>
          </reporter-output>
        </test-method> <!-- oneTearDown -->
      </class> <!-- scripts.com.vapprove.Expenses -->
    </test> <!-- Default test -->
  </suite> <!-- Default suite -->
</testng-results>
