<?xml version="1.0" encoding="UTF-8"?>
<!-- Generated by org.testng.reporters.JUnitReportReporter -->
<testsuite hostname="jb-5f-d079" name="scripts.com.concur.concurSearch" tests="1" failures="0" timestamp="18 Dec 2015 04:20:12 GMT" time="698.694" errors="1">
  <testcase name="searchtest" time="698.694" classname="scripts.com.concur.concurSearch">
    <error type="java.lang.AssertionError" message="command:The element of a command &quot;getXpathCount&quot; not found||description:The element of a command &quot;getXpathCount&quot; not found at step : 11 : on the displayed page||Fail">
      <![CDATA[java.lang.AssertionError: command:The element of a command "getXpathCount" not found||description:The element of a command "getXpathCount" not found at step : 11 : on the displayed page||Fail
	at com.thoughtworks.selenium.SeleneseTestBase.fail(SeleneseTestBase.java:393)
	at scripts.com.framework.FrameworkAPI.reportStepDtlsWithScreenshot(FrameworkAPI.java:384)
	at scripts.com.framework.FrameworkAPI.reportElementNotFound(FrameworkAPI.java:2001)
	at scripts.com.framework.FrameworkAPI.perform(FrameworkAPI.java:1485)
	at scripts.com.concur.concurSearch.searchtest(concurSearch.java:71)
	at sun.reflect.NativeMethodAccessorImpl.invoke0(Native Method)
	at sun.reflect.NativeMethodAccessorImpl.invoke(NativeMethodAccessorImpl.java:62)
	at sun.reflect.DelegatingMethodAccessorImpl.invoke(DelegatingMethodAccessorImpl.java:43)
	at java.lang.reflect.Method.invoke(Method.java:497)
	at org.testng.internal.MethodInvocationHelper.invokeMethod(MethodInvocationHelper.java:84)
	at org.testng.internal.Invoker.invokeMethod(Invoker.java:714)
	at org.testng.internal.Invoker.invokeTestMethod(Invoker.java:901)
	at org.testng.internal.Invoker.invokeTestMethods(Invoker.java:1231)
	at org.testng.internal.TestMethodWorker.invokeTestMethods(TestMethodWorker.java:127)
	at org.testng.internal.TestMethodWorker.run(TestMethodWorker.java:111)
	at org.testng.TestRunner.privateRun(TestRunner.java:767)
	at org.testng.TestRunner.run(TestRunner.java:617)
	at org.testng.SuiteRunner.runTest(SuiteRunner.java:334)
	at org.testng.SuiteRunner.runSequentially(SuiteRunner.java:329)
	at org.testng.SuiteRunner.privateRun(SuiteRunner.java:291)
	at org.testng.SuiteRunner.run(SuiteRunner.java:240)
	at org.testng.SuiteRunnerWorker.runSuite(SuiteRunnerWorker.java:52)
	at org.testng.SuiteRunnerWorker.run(SuiteRunnerWorker.java:86)
	at org.testng.TestNG.runSuitesSequentially(TestNG.java:1224)
	at org.testng.TestNG.runSuitesLocally(TestNG.java:1149)
	at org.testng.TestNG.run(TestNG.java:1057)
	at org.testng.remote.RemoteTestNG.run(RemoteTestNG.java:111)
	at org.testng.remote.RemoteTestNG.initAndRun(RemoteTestNG.java:204)
	at org.testng.remote.RemoteTestNG.main(RemoteTestNG.java:175)
]]>
    </error>
  </testcase> <!-- searchtest -->
</testsuite> <!-- scripts.com.concur.concurSearch -->
